<?xml version="1.0"?>
<!DOCTYPE coverage SYSTEM "http://cobertura.sourceforge.net/xml/coverage-04.dtd">
<coverage 
line-rate="0.94" lines-valid="828" lines-covered="775" branches-valid="6" branches-covered="6" branch-rate="1.00" complexity="0" version="1.0" timestamp="1613815662697">
    <sources>
        <source>--source</source>
        <source>/home/runner/work/PPS-19-ScalaQuest/PPS-19-ScalaQuest/core</source>
    </sources>
    <packages>
        <package name="io.github.scalaquest.core" line-rate="1.00" branch-rate="1.00" complexity="0">
            <classes>
                <class 
                name="io.github.scalaquest.core.Game.GameBuilder.GameWithPipeline" filename="src/main/scala/io/github/scalaquest/core/Game.scala" line-rate="1.00" branch-rate="1.00" complexity="0">
                    <methods>
                        <method 
                        name="io.github.scalaquest.core/GameWithPipeline/send" signature="()V" line-rate="1.00" branch-rate="1.00" complexity="0">
                            <lines>
                                <line number="20" hits="1" branch="false"/>
                            </lines>
</method>
                    </methods>
                    <lines>
                        <line number="20" hits="1" branch="false"/>
                    </lines>
</class>
                <class 
                name="io.github.scalaquest.core.Game" filename="src/main/scala/io/github/scalaquest/core/Game.scala" line-rate="1.00" branch-rate="1.00" complexity="0">
                    <methods>
                        <method 
                        name="io.github.scalaquest.core/Game/builderFrom" signature="()V" line-rate="1.00" branch-rate="1.00" complexity="0">
                            <lines>
                                <line number="31" hits="1" branch="false"/>
                            </lines>
</method>
                    </methods>
                    <lines>
                        <line number="31" hits="1" branch="false"/>
                    </lines>
</class>
                <class 
                name="io.github.scalaquest.core.Game.GameBuilder" filename="src/main/scala/io/github/scalaquest/core/Game.scala" line-rate="1.00" branch-rate="1.00" complexity="0">
                    <methods>
                        <method 
                        name="io.github.scalaquest.core/GameBuilder/partialBuilder" signature="()V" line-rate="1.00" branch-rate="1.00" complexity="0">
                            <lines>
                                <line number="26" hits="1" branch="false"/>
                            </lines>
</method>
                    </methods>
                    <lines>
                        <line number="26" hits="1" branch="false"/>
                    </lines>
</class>
            </classes>
        </package>
        <package name="io.github.scalaquest.core.application" line-rate="0.47" branch-rate="1.00" complexity="0">
            <classes>
                <class 
                name="io.github.scalaquest.core.application.PipelineProvider" filename="src/main/scala/io/github/scalaquest/core/application/PipelineProvider.scala" line-rate="1.00" branch-rate="1.00" complexity="0">
                    <methods>
                        <method 
                        name="io.github.scalaquest.core.application/PipelineProvider/makePipeline" signature="()V" line-rate="1.00" branch-rate="1.00" complexity="0">
                            <lines>
                                <line number="35" hits="1" branch="false"/>
                            </lines>
</method>
                    </methods>
                    <lines>
                        <line number="35" hits="1" branch="false"/>
                    </lines>
</class>
                <class 
                name="io.github.scalaquest.core.application.DefaultPipelineProvider" filename="src/main/scala/io/github/scalaquest/core/application/DefaultPipelineProvider.scala" line-rate="0.00" branch-rate="0.00" complexity="0">
                    <methods>
                        <method 
                        name="io.github.scalaquest.core.application/DefaultPipelineProvider/parser" signature="()V" line-rate="0.00" branch-rate="0.00" complexity="0">
                            <lines>
                                <line number="20" hits="0" branch="false"/>
                                <line number="20" hits="0" branch="false"/>
                                <line number="20" hits="0" branch="false"/>
                                <line number="20" hits="0" branch="false"/>
                                <line number="20" hits="0" branch="false"/>
                                <line number="20" hits="0" branch="false"/>
                            </lines>
</method>
                        <method 
                        name="io.github.scalaquest.core.application/DefaultPipelineProvider/interpreter" signature="()V" line-rate="0.00" branch-rate="0.00" complexity="0">
                            <lines>
                                <line number="24" hits="0" branch="false"/>
                                <line number="24" hits="0" branch="false"/>
                            </lines>
</method>
                        <method 
                        name="io.github.scalaquest.core.application/DefaultPipelineProvider/resolver" signature="()V" line-rate="0.00" branch-rate="0.00" complexity="0">
                            <lines>
                                <line number="22" hits="0" branch="false"/>
                                <line number="22" hits="0" branch="false"/>
                            </lines>
</method>
                        <method 
                        name="io.github.scalaquest.core.application/DefaultPipelineProvider/reducer" signature="()V" line-rate="0.00" branch-rate="0.00" complexity="0">
                            <lines>
                                <line number="26" hits="0" branch="false"/>
                                <line number="26" hits="0" branch="false"/>
                            </lines>
</method>
                        <method 
                        name="io.github.scalaquest.core.application/DefaultPipelineProvider/lexer" signature="()V" line-rate="0.00" branch-rate="0.00" complexity="0">
                            <lines>
                                <line number="18" hits="0" branch="false"/>
                            </lines>
</method>
                    </methods>
                    <lines>
                        <line number="18" hits="0" branch="false"/>
                        <line number="20" hits="0" branch="false"/>
                        <line number="20" hits="0" branch="false"/>
                        <line number="20" hits="0" branch="false"/>
                        <line number="20" hits="0" branch="false"/>
                        <line number="20" hits="0" branch="false"/>
                        <line number="20" hits="0" branch="false"/>
                        <line number="22" hits="0" branch="false"/>
                        <line number="22" hits="0" branch="false"/>
                        <line number="24" hits="0" branch="false"/>
                        <line number="24" hits="0" branch="false"/>
                        <line number="26" hits="0" branch="false"/>
                        <line number="26" hits="0" branch="false"/>
                    </lines>
</class>
                <class 
                name="io.github.scalaquest.core.application.DictionaryProvider" filename="src/main/scala/io/github/scalaquest/core/application/DictionaryProvider.scala" line-rate="1.00" branch-rate="1.00" complexity="0">
                    <methods>
                        <method 
                        name="io.github.scalaquest.core.application/DictionaryProvider/baseTheory" signature="()V" line-rate="1.00" branch-rate="1.00" complexity="0">
                            <lines>
                                <line number="29" hits="1" branch="false"/>
                                <line number="29" hits="1" branch="false"/>
                            </lines>
</method>
                        <method 
                        name="io.github.scalaquest.core.application/DictionaryProvider/baseTheoryPath" signature="()V" line-rate="1.00" branch-rate="1.00" complexity="0">
                            <lines>
                                <line number="32" hits="1" branch="false"/>
                            </lines>
</method>
                        <method 
                        name="io.github.scalaquest.core.application/DictionaryProvider/programFromResource" signature="()V" line-rate="1.00" branch-rate="1.00" complexity="0">
                            <lines>
                                <line number="46" hits="1" branch="false"/>
                                <line number="46" hits="1" branch="false"/>
                                <line number="46" hits="1" branch="false"/>
                                <line number="46" hits="1" branch="false"/>
                            </lines>
</method>
                        <method 
                        name="io.github.scalaquest.core.application/DictionaryProvider/verbToAction" signature="()V" line-rate="1.00" branch-rate="1.00" complexity="0">
                            <lines>
                                <line number="39" hits="1" branch="false"/>
                                <line number="39" hits="1" branch="false"/>
                                <line number="39" hits="1" branch="false"/>
                                <line number="39" hits="1" branch="false"/>
                            </lines>
</method>
                        <method 
                        name="io.github.scalaquest.core.application/DictionaryProvider/refToItem" signature="()V" line-rate="1.00" branch-rate="1.00" complexity="0">
                            <lines>
                                <line number="35" hits="1" branch="false"/>
                                <line number="35" hits="1" branch="false"/>
                                <line number="35" hits="1" branch="false"/>
                                <line number="35" hits="1" branch="false"/>
                            </lines>
</method>
                        <method 
                        name="io.github.scalaquest.core.application/DictionaryProvider/programSource" signature="()V" line-rate="1.00" branch-rate="1.00" complexity="0">
                            <lines>
                                <line number="42" hits="1" branch="false"/>
                            </lines>
</method>
                    </methods>
                    <lines>
                        <line number="29" hits="1" branch="false"/>
                        <line number="29" hits="1" branch="false"/>
                        <line number="32" hits="1" branch="false"/>
                        <line number="35" hits="1" branch="false"/>
                        <line number="35" hits="1" branch="false"/>
                        <line number="35" hits="1" branch="false"/>
                        <line number="35" hits="1" branch="false"/>
                        <line number="39" hits="1" branch="false"/>
                        <line number="39" hits="1" branch="false"/>
                        <line number="39" hits="1" branch="false"/>
                        <line number="39" hits="1" branch="false"/>
                        <line number="42" hits="1" branch="false"/>
                        <line number="46" hits="1" branch="false"/>
                        <line number="46" hits="1" branch="false"/>
                        <line number="46" hits="1" branch="false"/>
                        <line number="46" hits="1" branch="false"/>
                    </lines>
</class>
                <class 
                name="io.github.scalaquest.core.application.ApplicationGeography" filename="src/main/scala/io/github/scalaquest/core/application/ApplicationGeography.scala" line-rate="0.00" branch-rate="0.00" complexity="0">
                    <methods>
                        <method 
                        name="io.github.scalaquest.core.application/ApplicationGeography/checkRooms" signature="()V" line-rate="0.00" branch-rate="0.00" complexity="0">
                            <lines>
                                <line number="8" hits="0" branch="false"/>
                                <line number="8" hits="0" branch="false"/>
                                <line number="8" hits="0" branch="false"/>
                            </lines>
</method>
                        <method 
                        name="io.github.scalaquest.core.application/ApplicationGeography/refToRoom" signature="()V" line-rate="0.00" branch-rate="0.00" complexity="0">
                            <lines>
                                <line number="10" hits="0" branch="false"/>
                                <line number="10" hits="0" branch="false"/>
                                <line number="10" hits="0" branch="false"/>
                            </lines>
</method>
                    </methods>
                    <lines>
                        <line number="8" hits="0" branch="false"/>
                        <line number="8" hits="0" branch="false"/>
                        <line number="8" hits="0" branch="false"/>
                        <line number="10" hits="0" branch="false"/>
                        <line number="10" hits="0" branch="false"/>
                        <line number="10" hits="0" branch="false"/>
                    </lines>
</class>
            </classes>
        </package>
        <package name="io.github.scalaquest.core.dictionary" line-rate="1.00" branch-rate="1.00" complexity="0">
            <classes>
                <class 
                name="io.github.scalaquest.core.dictionary.ProgramFromDictionary" filename="src/main/scala/io/github/scalaquest/core/dictionary/ProgramFromDictionary.scala" line-rate="1.00" branch-rate="1.00" complexity="0">
                    <methods>
                        <method 
                        name="io.github.scalaquest.core.dictionary/ProgramFromDictionary/generateSource" signature="()V" line-rate="1.00" branch-rate="1.00" complexity="0">
                            <lines>
                                <line number="14" hits="1" branch="false"/>
                                <line number="13" hits="1" branch="false"/>
                                <line number="19" hits="1" branch="false"/>
                                <line number="19" hits="1" branch="false"/>
                            </lines>
</method>
                    </methods>
                    <lines>
                        <line number="14" hits="1" branch="false"/>
                        <line number="13" hits="1" branch="false"/>
                        <line number="19" hits="1" branch="false"/>
                        <line number="19" hits="1" branch="false"/>
                    </lines>
</class>
                <class 
                name="io.github.scalaquest.core.dictionary.DictionaryImplicits.implicits" filename="src/main/scala/io/github/scalaquest/core/dictionary/DictionaryImplicits.scala" line-rate="1.00" branch-rate="1.00" complexity="0">
                    <methods>
                        <method 
                        name="io.github.scalaquest.core.dictionary/implicits/itemToProgram" signature="()V" line-rate="1.00" branch-rate="1.00" complexity="0">
                            <lines>
                                <line number="31" hits="1" branch="false"/>
                                <line number="31" hits="1" branch="false"/>
                                <line number="32" hits="1" branch="false"/>
                                <line number="32" hits="1" branch="false"/>
                            </lines>
</method>
                        <method 
                        name="io.github.scalaquest.core.dictionary/implicits/verbToProgram" signature="()V" line-rate="1.00" branch-rate="1.00" complexity="0">
                            <lines>
                                <line number="25" hits="1" branch="false"/>
                                <line number="25" hits="1" branch="false"/>
                                <line number="25" hits="1" branch="false"/>
                            </lines>
</method>
                        <method 
                        name="io.github.scalaquest.core.dictionary/implicits/programMonoid" signature="()V" line-rate="1.00" branch-rate="1.00" complexity="0">
                            <lines>
                                <line number="41" hits="1" branch="false"/>
                                <line number="41" hits="1" branch="false"/>
                                <line number="41" hits="1" branch="false"/>
                            </lines>
</method>
                        <method 
                        name="io.github.scalaquest.core.dictionary/implicits/adjectives" signature="()V" line-rate="1.00" branch-rate="1.00" complexity="0">
                            <lines>
                                <line number="35" hits="1" branch="false"/>
                                <line number="35" hits="1" branch="false"/>
                                <line number="35" hits="1" branch="false"/>
                                <line number="35" hits="1" branch="false"/>
                                <line number="35" hits="1" branch="false"/>
                                <line number="35" hits="1" branch="false"/>
                                <line number="37" hits="1" branch="false"/>
                                <line number="29" hits="1" branch="false"/>
                            </lines>
</method>
                        <method 
                        name="io.github.scalaquest.core.dictionary/implicits/itemToEntryGenerator" signature="()V" line-rate="1.00" branch-rate="1.00" complexity="0">
                            <lines>
                                <line number="22" hits="1" branch="false"/>
                                <line number="22" hits="1" branch="false"/>
                            </lines>
</method>
                        <method 
                        name="io.github.scalaquest.core.dictionary/implicits/names" signature="()V" line-rate="1.00" branch-rate="1.00" complexity="0">
                            <lines>
                                <line number="34" hits="1" branch="false"/>
                                <line number="34" hits="1" branch="false"/>
                                <line number="34" hits="1" branch="false"/>
                                <line number="34" hits="1" branch="false"/>
                                <line number="34" hits="1" branch="false"/>
                                <line number="34" hits="1" branch="false"/>
                            </lines>
</method>
                        <method 
                        name="io.github.scalaquest.core.dictionary/implicits/verbToEntryGenerator" signature="()V" line-rate="1.00" branch-rate="1.00" complexity="0">
                            <lines>
                                <line number="18" hits="1" branch="false"/>
                                <line number="18" hits="1" branch="false"/>
                            </lines>
</method>
                    </methods>
                    <lines>
                        <line number="18" hits="1" branch="false"/>
                        <line number="18" hits="1" branch="false"/>
                        <line number="22" hits="1" branch="false"/>
                        <line number="22" hits="1" branch="false"/>
                        <line number="25" hits="1" branch="false"/>
                        <line number="25" hits="1" branch="false"/>
                        <line number="25" hits="1" branch="false"/>
                        <line number="31" hits="1" branch="false"/>
                        <line number="31" hits="1" branch="false"/>
                        <line number="32" hits="1" branch="false"/>
                        <line number="32" hits="1" branch="false"/>
                        <line number="34" hits="1" branch="false"/>
                        <line number="34" hits="1" branch="false"/>
                        <line number="34" hits="1" branch="false"/>
                        <line number="34" hits="1" branch="false"/>
                        <line number="34" hits="1" branch="false"/>
                        <line number="34" hits="1" branch="false"/>
                        <line number="35" hits="1" branch="false"/>
                        <line number="35" hits="1" branch="false"/>
                        <line number="35" hits="1" branch="false"/>
                        <line number="35" hits="1" branch="false"/>
                        <line number="35" hits="1" branch="false"/>
                        <line number="35" hits="1" branch="false"/>
                        <line number="37" hits="1" branch="false"/>
                        <line number="29" hits="1" branch="false"/>
                        <line number="41" hits="1" branch="false"/>
                        <line number="41" hits="1" branch="false"/>
                        <line number="41" hits="1" branch="false"/>
                    </lines>
</class>
            </classes>
        </package>
        <package name="io.github.scalaquest.core.dictionary.generators" line-rate="1.00" branch-rate="1.00" complexity="0">
            <classes>
                <class 
                name="io.github.scalaquest.core.dictionary.generators.GeneratorImplicits.implicits" filename="src/main/scala/io/github/scalaquest/core/dictionary/generators/GeneratorImplicits.scala" line-rate="1.00" branch-rate="1.00" complexity="0">
                    <methods>
                        <method 
                        name="io.github.scalaquest.core.dictionary.generators/implicits/keepRightSemigroup" signature="()V" line-rate="1.00" branch-rate="1.00" complexity="0">
                            <lines>
                                <line number="27" hits="1" branch="false"/>
                                <line number="29" hits="1" branch="false"/>
                                <line number="29" hits="1" branch="false"/>
                                <line number="29" hits="1" branch="false"/>
                                <line number="29" hits="1" branch="false"/>
                            </lines>
</method>
                        <method 
                        name="io.github.scalaquest.core.dictionary.generators/implicits/listGenerator" signature="()V" line-rate="1.00" branch-rate="1.00" complexity="0">
                            <lines>
                                <line number="15" hits="1" branch="false"/>
                                <line number="15" hits="1" branch="false"/>
                                <line number="15" hits="1" branch="false"/>
                            </lines>
</method>
                    </methods>
                    <lines>
                        <line number="15" hits="1" branch="false"/>
                        <line number="15" hits="1" branch="false"/>
                        <line number="15" hits="1" branch="false"/>
                        <line number="27" hits="1" branch="false"/>
                        <line number="29" hits="1" branch="false"/>
                        <line number="29" hits="1" branch="false"/>
                        <line number="29" hits="1" branch="false"/>
                        <line number="29" hits="1" branch="false"/>
                    </lines>
</class>
                <class 
                name="io.github.scalaquest.core.dictionary.generators.Generator" filename="src/main/scala/io/github/scalaquest/core/dictionary/generators/Generator.scala" line-rate="1.00" branch-rate="1.00" complexity="0">
                    <methods>
                        <method 
                        name="io.github.scalaquest.core.dictionary.generators/Generator/makeEntry" signature="()V" line-rate="1.00" branch-rate="1.00" complexity="0">
                            <lines>
                                <line number="35" hits="1" branch="false"/>
                                <line number="35" hits="1" branch="false"/>
                                <line number="35" hits="1" branch="false"/>
                            </lines>
</method>
                        <method 
                        name="io.github.scalaquest.core.dictionary.generators/Generator/instance" signature="()V" line-rate="1.00" branch-rate="1.00" complexity="0">
                            <lines>
                                <line number="25" hits="1" branch="false"/>
                            </lines>
</method>
                    </methods>
                    <lines>
                        <line number="25" hits="1" branch="false"/>
                        <line number="35" hits="1" branch="false"/>
                        <line number="35" hits="1" branch="false"/>
                        <line number="35" hits="1" branch="false"/>
                    </lines>
</class>
                <class 
                name="io.github.scalaquest.core.dictionary.generators.GeneratorK" filename="src/main/scala/io/github/scalaquest/core/dictionary/generators/GeneratorK.scala" line-rate="1.00" branch-rate="1.00" complexity="0">
                    <methods>
                        <method 
                        name="io.github.scalaquest.core.dictionary.generators/GeneratorK/generate" signature="()V" line-rate="1.00" branch-rate="1.00" complexity="0">
                            <lines>
                                <line number="17" hits="1" branch="false"/>
                                <line number="17" hits="1" branch="false"/>
                                <line number="17" hits="1" branch="false"/>
                                <line number="18" hits="1" branch="false"/>
                                <line number="18" hits="1" branch="false"/>
                                <line number="18" hits="1" branch="false"/>
                            </lines>
</method>
                    </methods>
                    <lines>
                        <line number="17" hits="1" branch="false"/>
                        <line number="17" hits="1" branch="false"/>
                        <line number="17" hits="1" branch="false"/>
                        <line number="18" hits="1" branch="false"/>
                        <line number="18" hits="1" branch="false"/>
                        <line number="18" hits="1" branch="false"/>
                    </lines>
</class>
                <class 
                name="io.github.scalaquest.core.dictionary.generators.package" filename="src/main/scala/io/github/scalaquest/core/dictionary/generators/package.scala" line-rate="1.00" branch-rate="1.00" complexity="0">
                    <methods>
                        <method 
                        name="io.github.scalaquest.core.dictionary.generators/package/combineAll" signature="()V" line-rate="1.00" branch-rate="1.00" complexity="0">
                            <lines>
                                <line number="39" hits="1" branch="false"/>
                                <line number="44" hits="1" branch="false"/>
                                <line number="44" hits="1" branch="false"/>
                                <line number="44" hits="1" branch="false"/>
                                <line number="44" hits="1" branch="false"/>
                            </lines>
</method>
                    </methods>
                    <lines>
                        <line number="39" hits="1" branch="false"/>
                        <line number="44" hits="1" branch="false"/>
                        <line number="44" hits="1" branch="false"/>
                        <line number="44" hits="1" branch="false"/>
                        <line number="44" hits="1" branch="false"/>
                    </lines>
</class>
            </classes>
        </package>
        <package name="io.github.scalaquest.core.dictionary.verbs" line-rate="1.00" branch-rate="1.00" complexity="0">
            <classes>
                <class 
                name="io.github.scalaquest.core.dictionary.verbs.Ditransitive" filename="src/main/scala/io/github/scalaquest/core/dictionary/verbs/Verbs.scala" line-rate="1.00" branch-rate="1.00" complexity="0">
                    <methods>
                        <method 
                        name="io.github.scalaquest.core.dictionary.verbs/Ditransitive/arity" signature="()V" line-rate="1.00" branch-rate="1.00" complexity="0">
                            <lines>
                                <line number="35" hits="1" branch="false"/>
                            </lines>
</method>
                    </methods>
                    <lines>
                        <line number="35" hits="1" branch="false"/>
                    </lines>
</class>
                <class 
                name="io.github.scalaquest.core.dictionary.verbs.Transitive" filename="src/main/scala/io/github/scalaquest/core/dictionary/verbs/Verbs.scala" line-rate="1.00" branch-rate="1.00" complexity="0">
                    <methods>
                        <method 
                        name="io.github.scalaquest.core.dictionary.verbs/Transitive/arity" signature="()V" line-rate="1.00" branch-rate="1.00" complexity="0">
                            <lines>
                                <line number="24" hits="1" branch="false"/>
                            </lines>
</method>
                    </methods>
                    <lines>
                        <line number="24" hits="1" branch="false"/>
                    </lines>
</class>
                <class 
                name="io.github.scalaquest.core.dictionary.verbs.Intransitive" filename="src/main/scala/io/github/scalaquest/core/dictionary/verbs/Verbs.scala" line-rate="1.00" branch-rate="1.00" complexity="0">
                    <methods>
                        <method 
                        name="io.github.scalaquest.core.dictionary.verbs/Intransitive/arity" signature="()V" line-rate="1.00" branch-rate="1.00" complexity="0">
                            <lines>
                                <line number="16" hits="1" branch="false"/>
                            </lines>
</method>
                    </methods>
                    <lines>
                        <line number="16" hits="1" branch="false"/>
                    </lines>
</class>
                <class 
                name="io.github.scalaquest.core.dictionary.verbs.PairUtils" filename="src/main/scala/io/github/scalaquest/core/dictionary/verbs/Meaning.scala" line-rate="1.00" branch-rate="1.00" complexity="0">
                    <methods>
                        <method 
                        name="io.github.scalaquest.core.dictionary.verbs/PairUtils/binding" signature="()V" line-rate="1.00" branch-rate="1.00" complexity="0">
                            <lines>
                                <line number="12" hits="1" branch="false"/>
                                <line number="12" hits="1" branch="false"/>
                                <line number="12" hits="1" branch="false"/>
                                <line number="12" hits="1" branch="false"/>
                                <line number="12" hits="1" branch="false"/>
                            </lines>
</method>
                    </methods>
                    <lines>
                        <line number="12" hits="1" branch="false"/>
                        <line number="12" hits="1" branch="false"/>
                        <line number="12" hits="1" branch="false"/>
                        <line number="12" hits="1" branch="false"/>
                        <line number="12" hits="1" branch="false"/>
                    </lines>
</class>
                <class 
                name="io.github.scalaquest.core.dictionary.verbs.ClauseOps" filename="src/main/scala/io/github/scalaquest/core/dictionary/verbs/ClauseOps.scala" line-rate="1.00" branch-rate="1.00" complexity="0">
                    <methods>
                        <method 
                        name="io.github.scalaquest.core.dictionary.verbs/ClauseOps/clause" signature="()V" line-rate="1.00" branch-rate="1.00" complexity="0">
                            <lines>
                                <line number="11" hits="1" branch="false"/>
                                <line number="12" hits="1" branch="false"/>
                                <line number="12" hits="1" branch="false"/>
                                <line number="12" hits="1" branch="false"/>
                                <line number="12" hits="1" branch="false"/>
                                <line number="12" hits="1" branch="false"/>
                                <line number="12" hits="1" branch="false"/>
                                <line number="12" hits="1" branch="false"/>
                                <line number="13" hits="1" branch="false"/>
                                <line number="13" hits="1" branch="false"/>
                                <line number="13" hits="1" branch="false"/>
                                <line number="13" hits="1" branch="false"/>
                                <line number="13" hits="1" branch="false"/>
                                <line number="13" hits="1" branch="false"/>
                            </lines>
</method>
                    </methods>
                    <lines>
                        <line number="11" hits="1" branch="false"/>
                        <line number="12" hits="1" branch="false"/>
                        <line number="12" hits="1" branch="false"/>
                        <line number="12" hits="1" branch="false"/>
                        <line number="12" hits="1" branch="false"/>
                        <line number="12" hits="1" branch="false"/>
                        <line number="12" hits="1" branch="false"/>
                        <line number="12" hits="1" branch="false"/>
                        <line number="13" hits="1" branch="false"/>
                        <line number="13" hits="1" branch="false"/>
                        <line number="13" hits="1" branch="false"/>
                        <line number="13" hits="1" branch="false"/>
                        <line number="13" hits="1" branch="false"/>
                        <line number="13" hits="1" branch="false"/>
                    </lines>
</class>
                <class 
                name="io.github.scalaquest.core.dictionary.verbs.package" filename="src/main/scala/io/github/scalaquest/core/dictionary/verbs/package.scala" line-rate="1.00" branch-rate="1.00" complexity="0">
                    <methods>
                        <method 
                        name="io.github.scalaquest.core.dictionary.verbs/package/&lt;none&gt;" signature="()V" line-rate="1.00" branch-rate="1.00" complexity="0">
                            <lines>
                                <line number="7" hits="1" branch="false"/>
                                <line number="7" hits="1" branch="false"/>
                            </lines>
</method>
                    </methods>
                    <lines>
                        <line number="7" hits="1" branch="false"/>
                        <line number="7" hits="1" branch="false"/>
                    </lines>
</class>
            </classes>
        </package>
        <package name="io.github.scalaquest.core.model" line-rate="1.00" branch-rate="1.00" complexity="0">
            <classes>
                <class 
                name="io.github.scalaquest.core.model.Model.State" filename="src/main/scala/io/github/scalaquest/core/model/Model.scala" line-rate="1.00" branch-rate="1.00" complexity="0">
                    <methods>
                        <method 
                        name="io.github.scalaquest.core.model/State/scope" signature="()V" line-rate="1.00" branch-rate="1.00" complexity="0">
                            <lines>
                                <line number="65" hits="1" branch="false"/>
                                <line number="65" hits="1" branch="false"/>
                                <line number="65" hits="1" branch="false"/>
                            </lines>
</method>
                    </methods>
                    <lines>
                        <line number="65" hits="1" branch="false"/>
                        <line number="65" hits="1" branch="false"/>
                        <line number="65" hits="1" branch="false"/>
                    </lines>
</class>
                <class 
                name="io.github.scalaquest.core.model.Direction.Down" filename="src/main/scala/io/github/scalaquest/core/model/Direction.scala" line-rate="1.00" branch-rate="1.00" complexity="0">
                    <methods>
                        <method 
                        name="io.github.scalaquest.core.model/Down/toString" signature="()V" line-rate="1.00" branch-rate="1.00" complexity="0">
                            <lines>
                                <line number="31" hits="1" branch="false"/>
                            </lines>
</method>
                    </methods>
                    <lines>
                        <line number="31" hits="1" branch="false"/>
                    </lines>
</class>
                <class 
                name="io.github.scalaquest.core.model.StringPusher" filename="src/main/scala/io/github/scalaquest/core/model/TriggerPusher.scala" line-rate="1.00" branch-rate="1.00" complexity="0">
                    <methods>
                        <method 
                        name="io.github.scalaquest.core.model/StringPusher/notFound" signature="()V" line-rate="1.00" branch-rate="1.00" complexity="0">
                            <lines>
                                <line number="56" hits="1" branch="false"/>
                            </lines>
</method>
                        <method 
                        name="io.github.scalaquest.core.model/StringPusher/combine" signature="()V" line-rate="1.00" branch-rate="1.00" complexity="0">
                            <lines>
                                <line number="58" hits="1" branch="false"/>
                            </lines>
</method>
                    </methods>
                    <lines>
                        <line number="56" hits="1" branch="false"/>
                        <line number="58" hits="1" branch="false"/>
                    </lines>
</class>
                <class 
                name="io.github.scalaquest.core.model.Direction.West" filename="src/main/scala/io/github/scalaquest/core/model/Direction.scala" line-rate="1.00" branch-rate="1.00" complexity="0">
                    <methods>
                        <method 
                        name="io.github.scalaquest.core.model/West/toString" signature="()V" line-rate="1.00" branch-rate="1.00" complexity="0">
                            <lines>
                                <line number="23" hits="1" branch="false"/>
                            </lines>
</method>
                    </methods>
                    <lines>
                        <line number="23" hits="1" branch="false"/>
                    </lines>
</class>
                <class 
                name="io.github.scalaquest.core.model.Direction.North" filename="src/main/scala/io/github/scalaquest/core/model/Direction.scala" line-rate="1.00" branch-rate="1.00" complexity="0">
                    <methods>
                        <method 
                        name="io.github.scalaquest.core.model/North/toString" signature="()V" line-rate="1.00" branch-rate="1.00" complexity="0">
                            <lines>
                                <line number="11" hits="1" branch="false"/>
                            </lines>
</method>
                    </methods>
                    <lines>
                        <line number="11" hits="1" branch="false"/>
                    </lines>
</class>
                <class 
                name="io.github.scalaquest.core.model.Direction.Up" filename="src/main/scala/io/github/scalaquest/core/model/Direction.scala" line-rate="1.00" branch-rate="1.00" complexity="0">
                    <methods>
                        <method 
                        name="io.github.scalaquest.core.model/Up/toString" signature="()V" line-rate="1.00" branch-rate="1.00" complexity="0">
                            <lines>
                                <line number="27" hits="1" branch="false"/>
                            </lines>
</method>
                    </methods>
                    <lines>
                        <line number="27" hits="1" branch="false"/>
                    </lines>
</class>
                <class 
                name="io.github.scalaquest.core.model.ItemDescription.EnhancedItemDescription" filename="src/main/scala/io/github/scalaquest/core/model/ItemDescription.scala" line-rate="1.00" branch-rate="1.00" complexity="0">
                    <methods>
                        <method 
                        name="io.github.scalaquest.core.model/EnhancedItemDescription/decorators" signature="()V" line-rate="1.00" branch-rate="1.00" complexity="0">
                            <lines>
                                <line number="73" hits="1" branch="false"/>
                                <line number="73" hits="1" branch="false"/>
                            </lines>
</method>
                        <method 
                        name="io.github.scalaquest.core.model/EnhancedItemDescription/mkString" signature="()V" line-rate="1.00" branch-rate="1.00" complexity="0">
                            <lines>
                                <line number="75" hits="1" branch="false"/>
                                <line number="75" hits="1" branch="false"/>
                                <line number="77" hits="1" branch="false"/>
                                <line number="77" hits="1" branch="false"/>
                            </lines>
</method>
                        <method 
                        name="io.github.scalaquest.core.model/EnhancedItemDescription/base" signature="()V" line-rate="1.00" branch-rate="1.00" complexity="0">
                            <lines>
                                <line number="71" hits="1" branch="false"/>
                                <line number="71" hits="1" branch="false"/>
                            </lines>
</method>
                        <method 
                        name="io.github.scalaquest.core.model/EnhancedItemDescription/isSubset" signature="()V" line-rate="1.00" branch-rate="1.00" complexity="0">
                            <lines>
                                <line number="69" hits="1" branch="false"/>
                                <line number="69" hits="1" branch="false"/>
                            </lines>
</method>
                    </methods>
                    <lines>
                        <line number="69" hits="1" branch="false"/>
                        <line number="69" hits="1" branch="false"/>
                        <line number="71" hits="1" branch="false"/>
                        <line number="71" hits="1" branch="false"/>
                        <line number="73" hits="1" branch="false"/>
                        <line number="73" hits="1" branch="false"/>
                        <line number="75" hits="1" branch="false"/>
                        <line number="75" hits="1" branch="false"/>
                        <line number="77" hits="1" branch="false"/>
                        <line number="77" hits="1" branch="false"/>
                    </lines>
</class>
                <class 
                name="io.github.scalaquest.core.model.Direction" filename="src/main/scala/io/github/scalaquest/core/model/Direction.scala" line-rate="1.00" branch-rate="1.00" complexity="0">
                    <methods>
                        <method 
                        name="io.github.scalaquest.core.model/Direction/all" signature="()V" line-rate="1.00" branch-rate="1.00" complexity="0">
                            <lines>
                                <line number="34" hits="1" branch="false"/>
                                <line number="34" hits="1" branch="false"/>
                                <line number="34" hits="1" branch="false"/>
                                <line number="34" hits="1" branch="false"/>
                                <line number="34" hits="1" branch="false"/>
                                <line number="34" hits="1" branch="false"/>
                                <line number="34" hits="1" branch="false"/>
                            </lines>
</method>
                    </methods>
                    <lines>
                        <line number="34" hits="1" branch="false"/>
                        <line number="34" hits="1" branch="false"/>
                        <line number="34" hits="1" branch="false"/>
                        <line number="34" hits="1" branch="false"/>
                        <line number="34" hits="1" branch="false"/>
                        <line number="34" hits="1" branch="false"/>
                        <line number="34" hits="1" branch="false"/>
                    </lines>
</class>
                <class 
                name="io.github.scalaquest.core.model.TriggerPusher" filename="src/main/scala/io/github/scalaquest/core/model/TriggerPusher.scala" line-rate="1.00" branch-rate="1.00" complexity="0">
                    <methods>
                        <method 
                        name="io.github.scalaquest.core.model/TriggerPusher/eval" signature="()V" line-rate="1.00" branch-rate="1.00" complexity="0">
                            <lines>
                                <line number="43" hits="1" branch="false"/>
                            </lines>
</method>
                        <method 
                        name="io.github.scalaquest.core.model/TriggerPusher/triggers" signature="()V" line-rate="1.00" branch-rate="1.00" complexity="0">
                            <lines>
                                <line number="25" hits="1" branch="false"/>
                            </lines>
</method>
                        <method 
                        name="io.github.scalaquest.core.model/TriggerPusher/push" signature="()V" line-rate="1.00" branch-rate="1.00" complexity="0">
                            <lines>
                                <line number="49" hits="1" branch="false"/>
                                <line number="49" hits="1" branch="false"/>
                                <line number="49" hits="1" branch="false"/>
                                <line number="49" hits="1" branch="false"/>
                            </lines>
</method>
                    </methods>
                    <lines>
                        <line number="25" hits="1" branch="false"/>
                        <line number="43" hits="1" branch="false"/>
                        <line number="49" hits="1" branch="false"/>
                        <line number="49" hits="1" branch="false"/>
                        <line number="49" hits="1" branch="false"/>
                        <line number="49" hits="1" branch="false"/>
                    </lines>
</class>
                <class 
                name="io.github.scalaquest.core.model.ItemDescription.dsl" filename="src/main/scala/io/github/scalaquest/core/model/ItemDescription.scala" line-rate="1.00" branch-rate="1.00" complexity="0">
                    <methods>
                        <method 
                        name="io.github.scalaquest.core.model/dsl/d" signature="()V" line-rate="1.00" branch-rate="1.00" complexity="0">
                            <lines>
                                <line number="17" hits="1" branch="false"/>
                                <line number="17" hits="1" branch="false"/>
                                <line number="17" hits="1" branch="false"/>
                            </lines>
</method>
                        <method 
                        name="io.github.scalaquest.core.model/dsl/go" signature="()V" line-rate="1.00" branch-rate="1.00" complexity="0">
                            <lines>
                                <line number="22" hits="1" branch="false"/>
                                <line number="22" hits="1" branch="false"/>
                                <line number="23" hits="1" branch="false"/>
                                <line number="25" hits="1" branch="false"/>
                                <line number="25" hits="1" branch="false"/>
                            </lines>
</method>
                        <method 
                        name="io.github.scalaquest.core.model/dsl/i" signature="()V" line-rate="1.00" branch-rate="1.00" complexity="0">
                            <lines>
                                <line number="28" hits="1" branch="false"/>
                            </lines>
</method>
                    </methods>
                    <lines>
                        <line number="17" hits="1" branch="false"/>
                        <line number="17" hits="1" branch="false"/>
                        <line number="17" hits="1" branch="false"/>
                        <line number="22" hits="1" branch="false"/>
                        <line number="22" hits="1" branch="false"/>
                        <line number="23" hits="1" branch="false"/>
                        <line number="25" hits="1" branch="false"/>
                        <line number="25" hits="1" branch="false"/>
                        <line number="28" hits="1" branch="false"/>
                    </lines>
</class>
                <class 
                name="io.github.scalaquest.core.model.Composable" filename="src/main/scala/io/github/scalaquest/core/model/TriggerPusher.scala" line-rate="1.00" branch-rate="1.00" complexity="0">
                    <methods>
                        <method 
                        name="io.github.scalaquest.core.model/Composable/triggers" signature="()V" line-rate="1.00" branch-rate="1.00" complexity="0">
                            <lines>
                                <line number="96" hits="1" branch="false"/>
                                <line number="96" hits="1" branch="false"/>
                                <line number="96" hits="1" branch="false"/>
                                <line number="96" hits="1" branch="false"/>
                            </lines>
</method>
                        <method 
                        name="io.github.scalaquest.core.model/Composable/extra" signature="()V" line-rate="1.00" branch-rate="1.00" complexity="0">
                            <lines>
                                <line number="83" hits="1" branch="false"/>
                            </lines>
</method>
                    </methods>
                    <lines>
                        <line number="83" hits="1" branch="false"/>
                        <line number="96" hits="1" branch="false"/>
                        <line number="96" hits="1" branch="false"/>
                        <line number="96" hits="1" branch="false"/>
                        <line number="96" hits="1" branch="false"/>
                    </lines>
</class>
                <class 
                name="io.github.scalaquest.core.model.Model.Room" filename="src/main/scala/io/github/scalaquest/core/model/Model.scala" line-rate="1.00" branch-rate="1.00" complexity="0">
                    <methods>
                        <method 
                        name="io.github.scalaquest.core.model/Room/equals" signature="()V" line-rate="1.00" branch-rate="1.00" complexity="0">
                            <lines>
                                <line number="202" hits="1" branch="false"/>
                                <line number="202" hits="1" branch="false"/>
                            </lines>
</method>
                        <method 
                        name="io.github.scalaquest.core.model/Room/toString" signature="()V" line-rate="1.00" branch-rate="1.00" complexity="0">
                            <lines>
                                <line number="177" hits="1" branch="false"/>
                            </lines>
</method>
                        <method 
                        name="io.github.scalaquest.core.model/Room/hashCode" signature="()V" line-rate="1.00" branch-rate="1.00" complexity="0">
                            <lines>
                                <line number="207" hits="1" branch="false"/>
                            </lines>
</method>
                    </methods>
                    <lines>
                        <line number="177" hits="1" branch="false"/>
                        <line number="202" hits="1" branch="false"/>
                        <line number="202" hits="1" branch="false"/>
                        <line number="207" hits="1" branch="false"/>
                    </lines>
</class>
                <class 
                name="io.github.scalaquest.core.model.Direction.East" filename="src/main/scala/io/github/scalaquest/core/model/Direction.scala" line-rate="1.00" branch-rate="1.00" complexity="0">
                    <methods>
                        <method 
                        name="io.github.scalaquest.core.model/East/toString" signature="()V" line-rate="1.00" branch-rate="1.00" complexity="0">
                            <lines>
                                <line number="19" hits="1" branch="false"/>
                            </lines>
</method>
                    </methods>
                    <lines>
                        <line number="19" hits="1" branch="false"/>
                    </lines>
</class>
                <class 
                name="io.github.scalaquest.core.model.Model.Item" filename="src/main/scala/io/github/scalaquest/core/model/Model.scala" line-rate="1.00" branch-rate="1.00" complexity="0">
                    <methods>
                        <method 
                        name="io.github.scalaquest.core.model/Item/toString" signature="()V" line-rate="1.00" branch-rate="1.00" complexity="0">
                            <lines>
                                <line number="107" hits="1" branch="false"/>
                            </lines>
</method>
                        <method 
                        name="io.github.scalaquest.core.model/Item/equals" signature="()V" line-rate="1.00" branch-rate="1.00" complexity="0">
                            <lines>
                                <line number="134" hits="1" branch="false"/>
                                <line number="134" hits="1" branch="false"/>
                            </lines>
</method>
                        <method 
                        name="io.github.scalaquest.core.model/Item/name" signature="()V" line-rate="1.00" branch-rate="1.00" complexity="0">
                            <lines>
                                <line number="106" hits="1" branch="false"/>
                                <line number="106" hits="1" branch="false"/>
                            </lines>
</method>
                        <method 
                        name="io.github.scalaquest.core.model/Item/hashCode" signature="()V" line-rate="1.00" branch-rate="1.00" complexity="0">
                            <lines>
                                <line number="139" hits="1" branch="false"/>
                            </lines>
</method>
                    </methods>
                    <lines>
                        <line number="106" hits="1" branch="false"/>
                        <line number="106" hits="1" branch="false"/>
                        <line number="107" hits="1" branch="false"/>
                        <line number="134" hits="1" branch="false"/>
                        <line number="134" hits="1" branch="false"/>
                        <line number="139" hits="1" branch="false"/>
                    </lines>
</class>
                <class 
                name="io.github.scalaquest.core.model.RoomRef" filename="src/main/scala/io/github/scalaquest/core/model/RoomRef.scala" line-rate="1.00" branch-rate="1.00" complexity="0">
                    <methods>
                        <method 
                        name="io.github.scalaquest.core.model/RoomRef/apply" signature="()V" line-rate="1.00" branch-rate="1.00" complexity="0">
                            <lines>
                                <line number="15" hits="1" branch="false"/>
                            </lines>
</method>
                    </methods>
                    <lines>
                        <line number="15" hits="1" branch="false"/>
                    </lines>
</class>
                <class 
                name="io.github.scalaquest.core.model.Direction.South" filename="src/main/scala/io/github/scalaquest/core/model/Direction.scala" line-rate="1.00" branch-rate="1.00" complexity="0">
                    <methods>
                        <method 
                        name="io.github.scalaquest.core.model/South/toString" signature="()V" line-rate="1.00" branch-rate="1.00" complexity="0">
                            <lines>
                                <line number="15" hits="1" branch="false"/>
                            </lines>
</method>
                    </methods>
                    <lines>
                        <line number="15" hits="1" branch="false"/>
                    </lines>
</class>
                <class 
                name="io.github.scalaquest.core.model.ItemRef" filename="src/main/scala/io/github/scalaquest/core/model/ItemRef.scala" line-rate="1.00" branch-rate="1.00" complexity="0">
                    <methods>
                        <method 
                        name="io.github.scalaquest.core.model/ItemRef/apply" signature="()V" line-rate="1.00" branch-rate="1.00" complexity="0">
                            <lines>
                                <line number="14" hits="1" branch="false"/>
                                <line number="14" hits="1" branch="false"/>
                            </lines>
</method>
                    </methods>
                    <lines>
                        <line number="14" hits="1" branch="false"/>
                        <line number="14" hits="1" branch="false"/>
                    </lines>
</class>
                <class 
                name="io.github.scalaquest.core.model.ItemDescription" filename="src/main/scala/io/github/scalaquest/core/model/ItemDescription.scala" line-rate="1.00" branch-rate="1.00" complexity="0">
                    <methods>
                        <method 
                        name="io.github.scalaquest.core.model/ItemDescription/base" signature="()V" line-rate="1.00" branch-rate="1.00" complexity="0">
                            <lines>
                                <line number="44" hits="1" branch="false"/>
                            </lines>
</method>
                        <method 
                        name="io.github.scalaquest.core.model/ItemDescription/isSubset" signature="()V" line-rate="1.00" branch-rate="1.00" complexity="0">
                            <lines>
                                <line number="58" hits="1" branch="false"/>
                                <line number="58" hits="1" branch="false"/>
                                <line number="58" hits="1" branch="false"/>
                                <line number="58" hits="1" branch="false"/>
                            </lines>
</method>
                        <method 
                        name="io.github.scalaquest.core.model/ItemDescription/go" signature="()V" line-rate="1.00" branch-rate="1.00" complexity="0">
                            <lines>
                                <line number="34" hits="1" branch="false"/>
                                <line number="34" hits="1" branch="false"/>
                                <line number="35" hits="1" branch="false"/>
                                <line number="37" hits="1" branch="false"/>
                                <line number="37" hits="1" branch="false"/>
                                <line number="51" hits="1" branch="false"/>
                                <line number="51" hits="1" branch="false"/>
                                <line number="54" hits="1" branch="false"/>
                                <line number="54" hits="1" branch="false"/>
                                <line number="65" hits="1" branch="false"/>
                            </lines>
</method>
                    </methods>
                    <lines>
                        <line number="34" hits="1" branch="false"/>
                        <line number="34" hits="1" branch="false"/>
                        <line number="35" hits="1" branch="false"/>
                        <line number="37" hits="1" branch="false"/>
                        <line number="37" hits="1" branch="false"/>
                        <line number="44" hits="1" branch="false"/>
                        <line number="51" hits="1" branch="false"/>
                        <line number="51" hits="1" branch="false"/>
                        <line number="54" hits="1" branch="false"/>
                        <line number="54" hits="1" branch="false"/>
                        <line number="58" hits="1" branch="false"/>
                        <line number="58" hits="1" branch="false"/>
                        <line number="58" hits="1" branch="false"/>
                        <line number="58" hits="1" branch="false"/>
                        <line number="65" hits="1" branch="false"/>
                    </lines>
</class>
            </classes>
        </package>
        <package name="io.github.scalaquest.core.model.behaviorBased" line-rate="1.00" branch-rate="1.00" complexity="0">
            <classes>
                <class 
                name="io.github.scalaquest.core.model.behaviorBased.BehaviorBasedModel.GroundBehavior" filename="src/main/scala/io/github/scalaquest/core/model/behaviorBased/BehaviorBasedModel.scala" line-rate="1.00" branch-rate="1.00" complexity="0">
                    <methods>
                        <method 
                        name="io.github.scalaquest.core.model.behaviorBased/GroundBehavior/triggers" signature="()V" line-rate="1.00" branch-rate="1.00" complexity="0">
                            <lines>
                                <line number="126" hits="1" branch="false"/>
                            </lines>
</method>
                    </methods>
                    <lines>
                        <line number="126" hits="1" branch="false"/>
                    </lines>
</class>
                <class 
                name="io.github.scalaquest.core.model.behaviorBased.BehaviorBasedModel.BehaviorBasedGround" filename="src/main/scala/io/github/scalaquest/core/model/behaviorBased/BehaviorBasedModel.scala" line-rate="1.00" branch-rate="1.00" complexity="0">
                    <methods>
                        <method 
                        name="io.github.scalaquest.core.model.behaviorBased/BehaviorBasedGround/behaviors" signature="()V" line-rate="1.00" branch-rate="1.00" complexity="0">
                            <lines>
                                <line number="105" hits="1" branch="false"/>
                            </lines>
</method>
                        <method 
                        name="io.github.scalaquest.core.model.behaviorBased/BehaviorBasedGround/use" signature="()V" line-rate="1.00" branch-rate="1.00" complexity="0">
                            <lines>
                                <line number="109" hits="1" branch="false"/>
                                <line number="110" hits="1" branch="false"/>
                                <line number="111" hits="1" branch="false"/>
                                <line number="112" hits="1" branch="false"/>
                                <line number="112" hits="1" branch="false"/>
                            </lines>
</method>
                    </methods>
                    <lines>
                        <line number="105" hits="1" branch="false"/>
                        <line number="109" hits="1" branch="false"/>
                        <line number="110" hits="1" branch="false"/>
                        <line number="111" hits="1" branch="false"/>
                        <line number="112" hits="1" branch="false"/>
                        <line number="112" hits="1" branch="false"/>
                    </lines>
</class>
                <class 
                name="io.github.scalaquest.core.model.behaviorBased.BehaviorBasedModel.Delegate" filename="src/main/scala/io/github/scalaquest/core/model/behaviorBased/BehaviorBasedModel.scala" line-rate="1.00" branch-rate="1.00" complexity="0">
                    <methods>
                        <method 
                        name="io.github.scalaquest.core.model.behaviorBased/Delegate/triggers" signature="()V" line-rate="1.00" branch-rate="1.00" complexity="0">
                            <lines>
                                <line number="91" hits="1" branch="false"/>
                                <line number="91" hits="1" branch="false"/>
                                <line number="91" hits="1" branch="false"/>
                                <line number="91" hits="1" branch="false"/>
                            </lines>
</method>
                    </methods>
                    <lines>
                        <line number="91" hits="1" branch="false"/>
                        <line number="91" hits="1" branch="false"/>
                        <line number="91" hits="1" branch="false"/>
                        <line number="91" hits="1" branch="false"/>
                    </lines>
</class>
                <class 
                name="io.github.scalaquest.core.model.behaviorBased.BehaviorBasedModel.ItemBehavior" filename="src/main/scala/io/github/scalaquest/core/model/behaviorBased/BehaviorBasedModel.scala" line-rate="1.00" branch-rate="1.00" complexity="0">
                    <methods>
                        <method 
                        name="io.github.scalaquest.core.model.behaviorBased/ItemBehavior/triggers" signature="()V" line-rate="1.00" branch-rate="1.00" complexity="0">
                            <lines>
                                <line number="54" hits="1" branch="false"/>
                            </lines>
</method>
                    </methods>
                    <lines>
                        <line number="54" hits="1" branch="false"/>
                    </lines>
</class>
                <class 
                name="io.github.scalaquest.core.model.behaviorBased.BehaviorBasedModel.BehaviorBasedItem" filename="src/main/scala/io/github/scalaquest/core/model/behaviorBased/BehaviorBasedModel.scala" line-rate="1.00" branch-rate="1.00" complexity="0">
                    <methods>
                        <method 
                        name="io.github.scalaquest.core.model.behaviorBased/BehaviorBasedItem/behaviors" signature="()V" line-rate="1.00" branch-rate="1.00" complexity="0">
                            <lines>
                                <line number="30" hits="1" branch="false"/>
                            </lines>
</method>
                        <method 
                        name="io.github.scalaquest.core.model.behaviorBased/BehaviorBasedItem/use" signature="()V" line-rate="1.00" branch-rate="1.00" complexity="0">
                            <lines>
                                <line number="36" hits="1" branch="false"/>
                                <line number="37" hits="1" branch="false"/>
                                <line number="38" hits="1" branch="false"/>
                                <line number="39" hits="1" branch="false"/>
                                <line number="39" hits="1" branch="false"/>
                            </lines>
</method>
                    </methods>
                    <lines>
                        <line number="30" hits="1" branch="false"/>
                        <line number="36" hits="1" branch="false"/>
                        <line number="37" hits="1" branch="false"/>
                        <line number="38" hits="1" branch="false"/>
                        <line number="39" hits="1" branch="false"/>
                        <line number="39" hits="1" branch="false"/>
                    </lines>
</class>
            </classes>
        </package>
        <package 
        name="io.github.scalaquest.core.model.behaviorBased.commons.actioning" line-rate="1.00" branch-rate="1.00" complexity="0">
            <classes>
                <class 
                name="io.github.scalaquest.core.model.behaviorBased.commons.actioning.CommonVerbs" filename="src/main/scala/io/github/scalaquest/core/model/behaviorBased/commons/actioning/CommonVerbs.scala" line-rate="1.00" branch-rate="1.00" complexity="0">
                    <methods>
                        <method 
                        name="io.github.scalaquest.core.model.behaviorBased.commons.actioning/CommonVerbs/movements" signature="()V" line-rate="1.00" branch-rate="1.00" complexity="0">
                            <lines>
                                <line number="14" hits="1" branch="false"/>
                                <line number="14" hits="1" branch="false"/>
                                <line number="14" hits="1" branch="false"/>
                                <line number="15" hits="1" branch="false"/>
                                <line number="15" hits="1" branch="false"/>
                                <line number="15" hits="1" branch="false"/>
                                <line number="16" hits="1" branch="false"/>
                                <line number="16" hits="1" branch="false"/>
                                <line number="16" hits="1" branch="false"/>
                                <line number="17" hits="1" branch="false"/>
                                <line number="17" hits="1" branch="false"/>
                                <line number="17" hits="1" branch="false"/>
                                <line number="18" hits="1" branch="false"/>
                                <line number="18" hits="1" branch="false"/>
                                <line number="18" hits="1" branch="false"/>
                                <line number="19" hits="1" branch="false"/>
                                <line number="19" hits="1" branch="false"/>
                                <line number="19" hits="1" branch="false"/>
                                <line number="22" hits="1" branch="false"/>
                                <line number="23" hits="1" branch="false"/>
                                <line number="21" hits="1" branch="false"/>
                                <line number="25" hits="1" branch="false"/>
                                <line number="25" hits="1" branch="false"/>
                                <line number="25" hits="1" branch="false"/>
                                <line number="25" hits="1" branch="false"/>
                                <line number="25" hits="1" branch="false"/>
                            </lines>
</method>
                        <method 
                        name="io.github.scalaquest.core.model.behaviorBased.commons.actioning/CommonVerbs/apply" signature="()V" line-rate="1.00" branch-rate="1.00" complexity="0">
                            <lines>
                                <line number="30" hits="1" branch="false"/>
                                <line number="30" hits="1" branch="false"/>
                                <line number="30" hits="1" branch="false"/>
                                <line number="30" hits="1" branch="false"/>
                                <line number="31" hits="1" branch="false"/>
                                <line number="31" hits="1" branch="false"/>
                                <line number="31" hits="1" branch="false"/>
                                <line number="31" hits="1" branch="false"/>
                                <line number="32" hits="1" branch="false"/>
                                <line number="32" hits="1" branch="false"/>
                                <line number="32" hits="1" branch="false"/>
                                <line number="32" hits="1" branch="false"/>
                                <line number="33" hits="1" branch="false"/>
                                <line number="33" hits="1" branch="false"/>
                                <line number="33" hits="1" branch="false"/>
                                <line number="33" hits="1" branch="false"/>
                                <line number="34" hits="1" branch="false"/>
                                <line number="34" hits="1" branch="false"/>
                                <line number="34" hits="1" branch="false"/>
                                <line number="34" hits="1" branch="false"/>
                                <line number="35" hits="1" branch="false"/>
                                <line number="35" hits="1" branch="false"/>
                                <line number="35" hits="1" branch="false"/>
                                <line number="35" hits="1" branch="false"/>
                                <line number="36" hits="1" branch="false"/>
                                <line number="36" hits="1" branch="false"/>
                                <line number="36" hits="1" branch="false"/>
                                <line number="36" hits="1" branch="false"/>
                                <line number="37" hits="1" branch="false"/>
                                <line number="37" hits="1" branch="false"/>
                                <line number="37" hits="1" branch="false"/>
                                <line number="37" hits="1" branch="false"/>
                                <line number="38" hits="1" branch="false"/>
                                <line number="38" hits="1" branch="false"/>
                                <line number="38" hits="1" branch="false"/>
                                <line number="38" hits="1" branch="false"/>
                                <line number="39" hits="1" branch="false"/>
                                <line number="39" hits="1" branch="false"/>
                            </lines>
</method>
                    </methods>
                    <lines>
                        <line number="14" hits="1" branch="false"/>
                        <line number="14" hits="1" branch="false"/>
                        <line number="14" hits="1" branch="false"/>
                        <line number="15" hits="1" branch="false"/>
                        <line number="15" hits="1" branch="false"/>
                        <line number="15" hits="1" branch="false"/>
                        <line number="16" hits="1" branch="false"/>
                        <line number="16" hits="1" branch="false"/>
                        <line number="16" hits="1" branch="false"/>
                        <line number="17" hits="1" branch="false"/>
                        <line number="17" hits="1" branch="false"/>
                        <line number="17" hits="1" branch="false"/>
                        <line number="18" hits="1" branch="false"/>
                        <line number="18" hits="1" branch="false"/>
                        <line number="18" hits="1" branch="false"/>
                        <line number="19" hits="1" branch="false"/>
                        <line number="19" hits="1" branch="false"/>
                        <line number="19" hits="1" branch="false"/>
                        <line number="22" hits="1" branch="false"/>
                        <line number="23" hits="1" branch="false"/>
                        <line number="21" hits="1" branch="false"/>
                        <line number="25" hits="1" branch="false"/>
                        <line number="25" hits="1" branch="false"/>
                        <line number="25" hits="1" branch="false"/>
                        <line number="25" hits="1" branch="false"/>
                        <line number="25" hits="1" branch="false"/>
                        <line number="30" hits="1" branch="false"/>
                        <line number="30" hits="1" branch="false"/>
                        <line number="30" hits="1" branch="false"/>
                        <line number="30" hits="1" branch="false"/>
                        <line number="31" hits="1" branch="false"/>
                        <line number="31" hits="1" branch="false"/>
                        <line number="31" hits="1" branch="false"/>
                        <line number="31" hits="1" branch="false"/>
                        <line number="32" hits="1" branch="false"/>
                        <line number="32" hits="1" branch="false"/>
                        <line number="32" hits="1" branch="false"/>
                        <line number="32" hits="1" branch="false"/>
                        <line number="33" hits="1" branch="false"/>
                        <line number="33" hits="1" branch="false"/>
                        <line number="33" hits="1" branch="false"/>
                        <line number="33" hits="1" branch="false"/>
                        <line number="34" hits="1" branch="false"/>
                        <line number="34" hits="1" branch="false"/>
                        <line number="34" hits="1" branch="false"/>
                        <line number="34" hits="1" branch="false"/>
                        <line number="35" hits="1" branch="false"/>
                        <line number="35" hits="1" branch="false"/>
                        <line number="35" hits="1" branch="false"/>
                        <line number="35" hits="1" branch="false"/>
                        <line number="36" hits="1" branch="false"/>
                        <line number="36" hits="1" branch="false"/>
                        <line number="36" hits="1" branch="false"/>
                        <line number="36" hits="1" branch="false"/>
                        <line number="37" hits="1" branch="false"/>
                        <line number="37" hits="1" branch="false"/>
                        <line number="37" hits="1" branch="false"/>
                        <line number="37" hits="1" branch="false"/>
                        <line number="38" hits="1" branch="false"/>
                        <line number="38" hits="1" branch="false"/>
                        <line number="38" hits="1" branch="false"/>
                        <line number="38" hits="1" branch="false"/>
                        <line number="39" hits="1" branch="false"/>
                        <line number="39" hits="1" branch="false"/>
                    </lines>
</class>
            </classes>
</package>
        <package 
        name="io.github.scalaquest.core.model.behaviorBased.commons.groundBehaviors.impl" line-rate="1.00" branch-rate="1.00" complexity="0">
            <classes>
                <class 
                name="io.github.scalaquest.core.model.behaviorBased.commons.groundBehaviors.impl.NavigableExt.SimpleNavigable" filename="src/main/scala/io/github/scalaquest/core/model/behaviorBased/commons/groundBehaviors/impl/NavigableExt.scala" line-rate="1.00" branch-rate="1.00" complexity="0">
                    <methods>
                        <method 
[...]
                                <line number="8" hits="1" branch="false"/>
                                <line number="8" hits="1" branch="false"/>
                                <line number="8" hits="1" branch="false"/>
                                <line number="8" hits="1" branch="false"/>
                            </lines>
</method>
                    </methods>
                    <lines>
                        <line number="8" hits="1" branch="false"/>
                        <line number="8" hits="1" branch="false"/>
                        <line number="8" hits="1" branch="false"/>
                        <line number="8" hits="1" branch="false"/>
                        <line number="8" hits="1" branch="false"/>
                    </lines>
</class>
            </classes>
        </package>
        <package name="io.github.scalaquest.core.pipeline.parser" line-rate="0.93" branch-rate="1.00" complexity="0">
            <classes>
                <class 
                name="io.github.scalaquest.core.pipeline.parser.Parser" filename="src/main/scala/io/github/scalaquest/core/pipeline/parser/Parser.scala" line-rate="1.00" branch-rate="1.00" complexity="0">
                    <methods>
                        <method 
                        name="io.github.scalaquest.core.pipeline.parser/Parser/apply" signature="()V" line-rate="1.00" branch-rate="1.00" complexity="0">
                            <lines>
                                <line number="33" hits="1" branch="false"/>
                            </lines>
</method>
                    </methods>
                    <lines>
                        <line number="33" hits="1" branch="false"/>
                    </lines>
</class>
                <class 
                name="io.github.scalaquest.core.pipeline.parser.Helpers.dsl" filename="src/main/scala/io/github/scalaquest/core/pipeline/parser/PrologParser.scala" line-rate="1.00" branch-rate="1.00" complexity="0">
                    <methods>
                        <method 
                        name="io.github.scalaquest.core.pipeline.parser/dsl/&lt;none&gt;" signature="()V" line-rate="1.00" branch-rate="1.00" complexity="0">
                            <lines>
                                <line number="17" hits="1" branch="false"/>
                                <line number="18" hits="1" branch="false"/>
                                <line number="18" hits="1" branch="false"/>
                                <line number="19" hits="1" branch="false"/>
                                <line number="19" hits="1" branch="false"/>
                                <line number="20" hits="1" branch="false"/>
                                <line number="20" hits="1" branch="false"/>
                                <line number="21" hits="1" branch="false"/>
                                <line number="21" hits="1" branch="false"/>
                                <line number="22" hits="1" branch="false"/>
                                <line number="22" hits="1" branch="false"/>
                            </lines>
</method>
                    </methods>
                    <lines>
                        <line number="17" hits="1" branch="false"/>
                        <line number="18" hits="1" branch="false"/>
                        <line number="18" hits="1" branch="false"/>
                        <line number="19" hits="1" branch="false"/>
                        <line number="19" hits="1" branch="false"/>
                        <line number="20" hits="1" branch="false"/>
                        <line number="20" hits="1" branch="false"/>
                        <line number="21" hits="1" branch="false"/>
                        <line number="21" hits="1" branch="false"/>
                        <line number="22" hits="1" branch="false"/>
                        <line number="22" hits="1" branch="false"/>
                    </lines>
</class>
                <class 
                name="io.github.scalaquest.core.pipeline.parser.Helpers.Preposition" filename="src/main/scala/io/github/scalaquest/core/pipeline/parser/PrologParser.scala" line-rate="0.80" branch-rate="1.00" complexity="0">
                    <methods>
                        <method 
                        name="io.github.scalaquest.core.pipeline.parser/Preposition/&lt;none&gt;" signature="()V" line-rate="0.00" branch-rate="0.00" complexity="0">
                            <lines>
                                <line number="46" hits="0" branch="false"/>
                            </lines>
</method>
                        <method 
                        name="io.github.scalaquest.core.pipeline.parser/Preposition/unapply" signature="()V" line-rate="1.00" branch-rate="1.00" complexity="0">
                            <lines>
                                <line number="50" hits="1" branch="false"/>
                                <line number="50" hits="1" branch="false"/>
                                <line number="51" hits="1" branch="false"/>
                                <line number="51" hits="1" branch="false"/>
                            </lines>
</method>
                    </methods>
                    <lines>
                        <line number="46" hits="0" branch="false"/>
                        <line number="50" hits="1" branch="false"/>
                        <line number="50" hits="1" branch="false"/>
                        <line number="51" hits="1" branch="false"/>
                        <line number="51" hits="1" branch="false"/>
                    </lines>
</class>
                <class 
                name="io.github.scalaquest.core.pipeline.parser.Helpers.ItemDescription" filename="src/main/scala/io/github/scalaquest/core/pipeline/parser/PrologParser.scala" line-rate="0.83" branch-rate="1.00" complexity="0">
                    <methods>
                        <method 
                        name="io.github.scalaquest.core.pipeline.parser/ItemDescription/toItemDescription" signature="()V" line-rate="1.00" branch-rate="1.00" complexity="0">
                            <lines>
                                <line number="32" hits="1" branch="false"/>
                                <line number="34" hits="1" branch="false"/>
                                <line number="34" hits="1" branch="false"/>
                            </lines>
</method>
                        <method 
                        name="io.github.scalaquest.core.pipeline.parser/ItemDescription/unapply" signature="()V" line-rate="0.67" branch-rate="1.00" complexity="0">
                            <lines>
                                <line number="39" hits="1" branch="false"/>
                                <line number="39" hits="1" branch="false"/>
                                <line number="40" hits="0" branch="false"/>
                            </lines>
</method>
                    </methods>
                    <lines>
                        <line number="32" hits="1" branch="false"/>
                        <line number="34" hits="1" branch="false"/>
                        <line number="34" hits="1" branch="false"/>
                        <line number="39" hits="1" branch="false"/>
                        <line number="39" hits="1" branch="false"/>
                        <line number="40" hits="0" branch="false"/>
                    </lines>
</class>
                <class 
                name="io.github.scalaquest.core.pipeline.parser.Helpers" filename="src/main/scala/io/github/scalaquest/core/pipeline/parser/PrologParser.scala" line-rate="1.00" branch-rate="1.00" complexity="0">
                    <methods>
                        <method 
                        name="io.github.scalaquest.core.pipeline.parser/Helpers/&lt;none&gt;" signature="()V" line-rate="1.00" branch-rate="1.00" complexity="0">
                            <lines>
                                <line number="55" hits="1" branch="false"/>
                                <line number="56" hits="1" branch="false"/>
                            </lines>
</method>
                    </methods>
                    <lines>
                        <line number="55" hits="1" branch="false"/>
                        <line number="56" hits="1" branch="false"/>
                    </lines>
</class>
                <class 
                name="io.github.scalaquest.core.pipeline.parser.PrologParser" filename="src/main/scala/io/github/scalaquest/core/pipeline/parser/PrologParser.scala" line-rate="0.94" branch-rate="1.00" complexity="0">
                    <methods>
                        <method 
                        name="io.github.scalaquest.core.pipeline.parser/PrologParser/parse" signature="()V" line-rate="0.94" branch-rate="1.00" complexity="0">
                            <lines>
                                <line number="71" hits="1" branch="false"/>
                                <line number="71" hits="1" branch="false"/>
                                <line number="72" hits="1" branch="false"/>
                                <line number="72" hits="1" branch="false"/>
                                <line number="72" hits="1" branch="false"/>
                                <line number="72" hits="1" branch="false"/>
                                <line number="76" hits="1" branch="false"/>
                                <line number="79" hits="1" branch="false"/>
                                <line number="79" hits="1" branch="false"/>
                                <line number="81" hits="1" branch="false"/>
                                <line number="81" hits="1" branch="false"/>
                                <line number="88" hits="1" branch="false"/>
                                <line number="88" hits="1" branch="false"/>
                                <line number="89" hits="0" branch="false"/>
                                <line number="91" hits="1" branch="false"/>
                                <line number="77" hits="1" branch="false"/>
                                <line number="76" hits="1" branch="false"/>
                                <line number="75" hits="1" branch="false"/>
                            </lines>
</method>
                    </methods>
                    <lines>
                        <line number="71" hits="1" branch="false"/>
                        <line number="71" hits="1" branch="false"/>
                        <line number="72" hits="1" branch="false"/>
                        <line number="72" hits="1" branch="false"/>
                        <line number="72" hits="1" branch="false"/>
                        <line number="72" hits="1" branch="false"/>
                        <line number="76" hits="1" branch="false"/>
                        <line number="79" hits="1" branch="false"/>
                        <line number="79" hits="1" branch="false"/>
                        <line number="81" hits="1" branch="false"/>
                        <line number="81" hits="1" branch="false"/>
                        <line number="88" hits="1" branch="false"/>
                        <line number="88" hits="1" branch="false"/>
                        <line number="89" hits="0" branch="false"/>
                        <line number="91" hits="1" branch="false"/>
                        <line number="77" hits="1" branch="false"/>
                        <line number="76" hits="1" branch="false"/>
                        <line number="75" hits="1" branch="false"/>
                    </lines>
</class>
            </classes>
        </package>
        <package name="io.github.scalaquest.core.pipeline.reducer" line-rate="1.00" branch-rate="1.00" complexity="0">
            <classes>
                <class 
                name="io.github.scalaquest.core.pipeline.reducer.ReducerResult.SimpleReducerResult" filename="src/main/scala/io/github/scalaquest/core/pipeline/reducer/ReducerResult.scala" line-rate="1.00" branch-rate="1.00" complexity="0">
                    <methods>
                        <method 
                        name="io.github.scalaquest.core.pipeline.reducer/SimpleReducerResult/apply" signature="()V" line-rate="1.00" branch-rate="1.00" complexity="0">
                            <lines>
                                <line number="37" hits="1" branch="false"/>
                            </lines>
</method>
                    </methods>
                    <lines>
                        <line number="37" hits="1" branch="false"/>
                    </lines>
</class>
                <class 
                name="io.github.scalaquest.core.pipeline.reducer.Reducer" filename="src/main/scala/io/github/scalaquest/core/pipeline/reducer/Reducer.scala" line-rate="1.00" branch-rate="1.00" complexity="0">
                    <methods>
                        <method 
                        name="io.github.scalaquest.core.pipeline.reducer/Reducer/builder" signature="()V" line-rate="1.00" branch-rate="1.00" complexity="0">
                            <lines>
                                <line number="64" hits="1" branch="false"/>
                                <line number="64" hits="1" branch="false"/>
                                <line number="65" hits="1" branch="false"/>
                            </lines>
</method>
                    </methods>
                    <lines>
                        <line number="64" hits="1" branch="false"/>
                        <line number="64" hits="1" branch="false"/>
                        <line number="65" hits="1" branch="false"/>
                    </lines>
</class>
            </classes>
        </package>
        <package name="io.github.scalaquest.core.pipeline.resolver" line-rate="1.00" branch-rate="1.00" complexity="0">
            <classes>
                <class 
                name="io.github.scalaquest.core.pipeline.resolver.AbstractSyntaxTreeResolver" filename="src/main/scala/io/github/scalaquest/core/pipeline/resolver/AbstractSyntaxTreeResolver.scala" line-rate="1.00" branch-rate="1.00" complexity="0">
                    <methods>
                        <method 
                        name="io.github.scalaquest.core.pipeline.resolver/AbstractSyntaxTreeResolver/resolve" signature="()V" line-rate="1.00" branch-rate="1.00" complexity="0">
                            <lines>
                                <line number="15" hits="1" branch="false"/>
                                <line number="18" hits="1" branch="false"/>
                                <line number="19" hits="1" branch="false"/>
                                <line number="18" hits="1" branch="false"/>
                                <line number="23" hits="1" branch="false"/>
                                <line number="25" hits="1" branch="false"/>
                                <line number="24" hits="1" branch="false"/>
                                <line number="23" hits="1" branch="false"/>
                                <line number="29" hits="1" branch="false"/>
                                <line number="32" hits="1" branch="false"/>
                                <line number="31" hits="1" branch="false"/>
                                <line number="30" hits="1" branch="false"/>
                                <line number="29" hits="1" branch="false"/>
                                <line number="34" hits="1" branch="false"/>
                                <line number="36" hits="1" branch="false"/>
                                <line number="15" hits="1" branch="false"/>
                            </lines>
</method>
                    </methods>
                    <lines>
                        <line number="15" hits="1" branch="false"/>
                        <line number="18" hits="1" branch="false"/>
                        <line number="19" hits="1" branch="false"/>
                        <line number="18" hits="1" branch="false"/>
                        <line number="23" hits="1" branch="false"/>
                        <line number="25" hits="1" branch="false"/>
                        <line number="24" hits="1" branch="false"/>
                        <line number="23" hits="1" branch="false"/>
                        <line number="29" hits="1" branch="false"/>
                        <line number="32" hits="1" branch="false"/>
                        <line number="31" hits="1" branch="false"/>
                        <line number="30" hits="1" branch="false"/>
                        <line number="29" hits="1" branch="false"/>
                        <line number="34" hits="1" branch="false"/>
                        <line number="36" hits="1" branch="false"/>
                        <line number="15" hits="1" branch="false"/>
                    </lines>
</class>
                <class 
                name="io.github.scalaquest.core.pipeline.resolver.Resolver" filename="src/main/scala/io/github/scalaquest/core/pipeline/resolver/Resolver.scala" line-rate="1.00" branch-rate="1.00" complexity="0">
                    <methods>
                        <method 
                        name="io.github.scalaquest.core.pipeline.resolver/Resolver/actions" signature="()V" line-rate="1.00" branch-rate="1.00" complexity="0">
                            <lines>
                                <line number="38" hits="1" branch="false"/>
                            </lines>
</method>
                        <method 
                        name="io.github.scalaquest.core.pipeline.resolver/Resolver/items" signature="()V" line-rate="1.00" branch-rate="1.00" complexity="0">
                            <lines>
                                <line number="41" hits="1" branch="false"/>
                                <line number="41" hits="1" branch="false"/>
                                <line number="41" hits="1" branch="false"/>
                                <line number="42" hits="1" branch="false"/>
                                <line number="42" hits="1" branch="false"/>
                                <line number="43" hits="1" branch="false"/>
                                <line number="44" hits="1" branch="false"/>
                                <line number="35" hits="1" branch="false"/>
                            </lines>
</method>
                    </methods>
                    <lines>
                        <line number="38" hits="1" branch="false"/>
                        <line number="41" hits="1" branch="false"/>
                        <line number="41" hits="1" branch="false"/>
                        <line number="41" hits="1" branch="false"/>
                        <line number="42" hits="1" branch="false"/>
                        <line number="42" hits="1" branch="false"/>
                        <line number="43" hits="1" branch="false"/>
                        <line number="44" hits="1" branch="false"/>
                        <line number="35" hits="1" branch="false"/>
                    </lines>
</class>
                <class 
                name="io.github.scalaquest.core.pipeline.resolver.ResolverResult.SimpleResolverResult" filename="src/main/scala/io/github/scalaquest/core/pipeline/resolver/ResolverResult.scala" line-rate="1.00" branch-rate="1.00" complexity="0">
                    <methods>
                        <method 
                        name="io.github.scalaquest.core.pipeline.resolver/SimpleResolverResult/apply" signature="()V" line-rate="1.00" branch-rate="1.00" complexity="0">
                            <lines>
                                <line number="31" hits="1" branch="false"/>
                            </lines>
</method>
                    </methods>
                    <lines>
                        <line number="31" hits="1" branch="false"/>
                    </lines>
</class>
            </classes>
        </package>
    </packages>
</coverage>
