<?xml version="1.0"?>
<!DOCTYPE coverage SYSTEM "http://cobertura.sourceforge.net/xml/coverage-04.dtd">
<coverage 
line-rate="0.84" lines-valid="108" lines-covered="91" branches-valid="4" branches-covered="4" branch-rate="1.00" complexity="0" version="1.0" timestamp="1615386183448">
    <sources>
        <source>--source</source>
        <source>/home/runner/work/PPS-19-ScalaQuest/PPS-19-ScalaQuest/cli</source>
    </sources>
    <packages>
        <package name="io.github.scalaquest.cli" line-rate="0.84" branch-rate="1.00" complexity="0">
            <classes>
                <class 
                name="io.github.scalaquest.cli.CLI.CLIBuilder" filename="src/main/scala/io/github/scalaquest/cli/CLI.scala" line-rate="0.86" branch-rate="1.00" complexity="0">
                    <methods>
                        <method 
                        name="io.github.scalaquest.cli/CLIBuilder/onCommand" signature="()V" line-rate="1.00" branch-rate="1.00" complexity="0">
                            <lines>
                                <line number="98" hits="1" branch="false"/>
                                <line number="100" hits="1" branch="false"/>
                                <line number="106" hits="1" branch="false"/>
                                <line number="106" hits="1" branch="false"/>
                                <line number="106" hits="1" branch="true"/>
                                <line number="107" hits="1" branch="false"/>
                                <line number="107" hits="1" branch="true"/>
                                <line number="108" hits="1" branch="false"/>
                                <line number="105" hits="1" branch="false"/>
                                <line number="104" hits="1" branch="false"/>
                                <line number="99" hits="1" branch="false"/>
                                <line number="98" hits="1" branch="false"/>
                                <line number="109" hits="1" branch="false"/>
                                <line number="109" hits="1" branch="false"/>
                            </lines>
</method>
                        <method 
                        name="io.github.scalaquest.cli/CLIBuilder/saveState" signature="()V" line-rate="0.71" branch-rate="1.00" complexity="0">
                            <lines>
                                <line number="69" hits="1" branch="false"/>
                                <line number="71" hits="1" branch="false"/>
                                <line number="71" hits="1" branch="false"/>
                                <line number="72" hits="0" branch="false"/>
                                <line number="73" hits="0" branch="false"/>
                                <line number="70" hits="1" branch="false"/>
                                <line number="70" hits="1" branch="false"/>
                            </lines>
</method>
                        <method 
                        name="io.github.scalaquest.cli/CLIBuilder/onMetaCommand" signature="()V" line-rate="0.83" branch-rate="1.00" complexity="0">
                            <lines>
                                <line number="117" hits="1" branch="false"/>
                                <line number="120" hits="1" branch="false"/>
                                <line number="122" hits="0" branch="false"/>
                                <line number="124" hits="0" branch="false"/>
                                <line number="126" hits="1" branch="false"/>
                                <line number="118" hits="1" branch="false"/>
                                <line number="117" hits="1" branch="false"/>
                                <line number="129" hits="1" branch="false"/>
                                <line number="132" hits="1" branch="false"/>
                                <line number="132" hits="1" branch="false"/>
                                <line number="132" hits="1" branch="false"/>
                                <line number="134" hits="0" branch="false"/>
                                <line number="134" hits="0" branch="false"/>
                                <line number="136" hits="0" branch="false"/>
                                <line number="136" hits="0" branch="false"/>
                                <line number="130" hits="1" branch="false"/>
                                <line number="129" hits="1" branch="false"/>
                                <line number="140" hits="1" branch="false"/>
                                <line number="140" hits="1" branch="false"/>
                                <line number="140" hits="1" branch="false"/>
                                <line number="142" hits="1" branch="false"/>
                                <line number="142" hits="1" branch="false"/>
                                <line number="142" hits="1" branch="false"/>
                                <line number="144" hits="1" branch="false"/>
                                <line number="144" hits="1" branch="false"/>
                                <line number="144" hits="1" branch="false"/>
                                <line number="146" hits="1" branch="false"/>
                                <line number="147" hits="1" branch="false"/>
                                <line number="146" hits="1" branch="false"/>
                                <line number="114" hits="1" branch="false"/>
                                <line number="152" hits="1" branch="false"/>
                                <line number="153" hits="1" branch="false"/>
                                <line number="155" hits="1" branch="false"/>
                                <line number="151" hits="1" branch="false"/>
                                <line number="150" hits="1" branch="false"/>
                            </lines>
</method>
                        <method 
                        name="io.github.scalaquest.cli/CLIBuilder/start" signature="()V" line-rate="1.00" branch-rate="1.00" complexity="0">
                            <lines>
                                <line number="58" hits="1" branch="false"/>
                                <line number="58" hits="1" branch="false"/>
                                <line number="58" hits="1" branch="false"/>
                                <line number="58" hits="1" branch="true"/>
                                <line number="59" hits="1" branch="false"/>
                                <line number="59" hits="1" branch="true"/>
                                <line number="61" hits="1" branch="false"/>
                                <line number="60" hits="1" branch="false"/>
                                <line number="57" hits="1" branch="false"/>
                                <line number="53" hits="1" branch="false"/>
                            </lines>
</method>
                        <method 
                        name="io.github.scalaquest.cli/CLIBuilder/loadState" signature="()V" line-rate="0.71" branch-rate="1.00" complexity="0">
                            <lines>
                                <line number="82" hits="1" branch="false"/>
                                <line number="85" hits="1" branch="false"/>
                                <line number="85" hits="1" branch="false"/>
                                <line number="86" hits="0" branch="false"/>
                                <line number="87" hits="0" branch="false"/>
                                <line number="84" hits="1" branch="false"/>
                                <line number="84" hits="1" branch="false"/>
                            </lines>
</method>
                    </methods>
                    <lines>
                        <line number="58" hits="1" branch="false"/>
                        <line number="58" hits="1" branch="false"/>
                        <line number="58" hits="1" branch="false"/>
                        <line number="58" hits="1" branch="true"/>
                        <line number="59" hits="1" branch="false"/>
                        <line number="59" hits="1" branch="true"/>
                        <line number="61" hits="1" branch="false"/>
                        <line number="60" hits="1" branch="false"/>
                        <line number="57" hits="1" branch="false"/>
                        <line number="53" hits="1" branch="false"/>
                        <line number="69" hits="1" branch="false"/>
                        <line number="71" hits="1" branch="false"/>
                        <line number="71" hits="1" branch="false"/>
                        <line number="72" hits="0" branch="false"/>
                        <line number="73" hits="0" branch="false"/>
                        <line number="70" hits="1" branch="false"/>
                        <line number="70" hits="1" branch="false"/>
                        <line number="82" hits="1" branch="false"/>
                        <line number="85" hits="1" branch="false"/>
                        <line number="85" hits="1" branch="false"/>
                        <line number="86" hits="0" branch="false"/>
                        <line number="87" hits="0" branch="false"/>
                        <line number="84" hits="1" branch="false"/>
                        <line number="84" hits="1" branch="false"/>
                        <line number="98" hits="1" branch="false"/>
                        <line number="100" hits="1" branch="false"/>
                        <line number="106" hits="1" branch="false"/>
                        <line number="106" hits="1" branch="false"/>
                        <line number="106" hits="1" branch="true"/>
                        <line number="107" hits="1" branch="false"/>
                        <line number="107" hits="1" branch="true"/>
                        <line number="108" hits="1" branch="false"/>
                        <line number="105" hits="1" branch="false"/>
                        <line number="104" hits="1" branch="false"/>
                        <line number="99" hits="1" branch="false"/>
                        <line number="98" hits="1" branch="false"/>
                        <line number="109" hits="1" branch="false"/>
                        <line number="109" hits="1" branch="false"/>
                        <line number="117" hits="1" branch="false"/>
                        <line number="120" hits="1" branch="false"/>
                        <line number="122" hits="0" branch="false"/>
                        <line number="124" hits="0" branch="false"/>
                        <line number="126" hits="1" branch="false"/>
                        <line number="118" hits="1" branch="false"/>
                        <line number="117" hits="1" branch="false"/>
                        <line number="129" hits="1" branch="false"/>
                        <line number="132" hits="1" branch="false"/>
                        <line number="132" hits="1" branch="false"/>
                        <line number="132" hits="1" branch="false"/>
                        <line number="134" hits="0" branch="false"/>
                        <line number="134" hits="0" branch="false"/>
                        <line number="136" hits="0" branch="false"/>
                        <line number="136" hits="0" branch="false"/>
                        <line number="130" hits="1" branch="false"/>
                        <line number="129" hits="1" branch="false"/>
                        <line number="140" hits="1" branch="false"/>
                        <line number="140" hits="1" branch="false"/>
                        <line number="140" hits="1" branch="false"/>
                        <line number="142" hits="1" branch="false"/>
                        <line number="142" hits="1" branch="false"/>
                        <line number="142" hits="1" branch="false"/>
                        <line number="144" hits="1" branch="false"/>
                        <line number="144" hits="1" branch="false"/>
                        <line number="144" hits="1" branch="false"/>
                        <line number="146" hits="1" branch="false"/>
                        <line number="147" hits="1" branch="false"/>
                        <line number="146" hits="1" branch="false"/>
                        <line number="114" hits="1" branch="false"/>
                        <line number="152" hits="1" branch="false"/>
                        <line number="153" hits="1" branch="false"/>
                        <line number="155" hits="1" branch="false"/>
                        <line number="151" hits="1" branch="false"/>
                        <line number="150" hits="1" branch="false"/>
                    </lines>
</class>
                <class 
                name="io.github.scalaquest.cli.Command.Parser" filename="src/main/scala/io/github/scalaquest/cli/Command.scala" line-rate="1.00" branch-rate="1.00" complexity="0">
                    <methods>
                        <method 
                        name="io.github.scalaquest.cli/Parser/unapplySeq" signature="()V" line-rate="1.00" branch-rate="1.00" complexity="0">
                            <lines>
                                <line number="30" hits="1" branch="false"/>
                                <line number="31" hits="1" branch="false"/>
                                <line number="31" hits="1" branch="false"/>
                                <line number="32" hits="1" branch="false"/>
                                <line number="32" hits="1" branch="false"/>
                            </lines>
</method>
                    </methods>
                    <lines>
                        <line number="30" hits="1" branch="false"/>
                        <line number="31" hits="1" branch="false"/>
                        <line number="31" hits="1" branch="false"/>
                        <line number="32" hits="1" branch="false"/>
                        <line number="32" hits="1" branch="false"/>
                    </lines>
</class>
                <class 
                name="io.github.scalaquest.cli.CLIApp" filename="src/main/scala/io/github/scalaquest/cli/CLIApp.scala" line-rate="1.00" branch-rate="1.00" complexity="0">
                    <methods>
                        <method name="io.github.scalaquest.cli/CLIApp/run" signature="()V" line-rate="1.00" branch-rate="1.00" complexity="0">
                            <lines>
                                <line number="13" hits="1" branch="false"/>
                            </lines>
                        </method>
                    </methods>
                    <lines>
                        <line number="13" hits="1" branch="false"/>
                    </lines>
</class>
                <class 
                name="io.github.scalaquest.cli.Command" filename="src/main/scala/io/github/scalaquest/cli/Command.scala" line-rate="1.00" branch-rate="1.00" complexity="0">
                    <methods>
                        <method 
                        name="io.github.scalaquest.cli/Command/make" signature="()V" line-rate="1.00" branch-rate="1.00" complexity="0">
                            <lines>
                                <line number="16" hits="1" branch="false"/>
                                <line number="17" hits="1" branch="false"/>
                                <line number="17" hits="1" branch="false"/>
                                <line number="18" hits="1" branch="false"/>
                                <line number="18" hits="1" branch="false"/>
                                <line number="19" hits="1" branch="false"/>
                                <line number="19" hits="1" branch="false"/>
                                <line number="19" hits="1" branch="false"/>
                            </lines>
</method>
                    </methods>
                    <lines>
                        <line number="16" hits="1" branch="false"/>
                        <line number="17" hits="1" branch="false"/>
                        <line number="17" hits="1" branch="false"/>
                        <line number="18" hits="1" branch="false"/>
                        <line number="18" hits="1" branch="false"/>
                        <line number="19" hits="1" branch="false"/>
                        <line number="19" hits="1" branch="false"/>
                        <line number="19" hits="1" branch="false"/>
                    </lines>
</class>
                <class 
                name="io.github.scalaquest.cli.GameCLIApp" filename="src/main/scala/io/github/scalaquest/cli/GameCLIApp.scala" line-rate="0.22" branch-rate="1.00" complexity="0">
                    <methods>
                        <method 
                        name="io.github.scalaquest.cli/GameCLIApp/game" signature="()V" line-rate="1.00" branch-rate="1.00" complexity="0">
                            <lines>
                                <line number="27" hits="1" branch="false"/>
                                <line number="27" hits="1" branch="false"/>
                            </lines>
</method>
                        <method 
                        name="io.github.scalaquest.cli/GameCLIApp/initialMessages" signature="()V" line-rate="0.00" branch-rate="0.00" complexity="0">
                            <lines>
                                <line number="25" hits="0" branch="false"/>
                            </lines>
</method>
                        <method 
                        name="io.github.scalaquest.cli/GameCLIApp/cli" signature="()V" line-rate="0.00" branch-rate="0.00" complexity="0">
                            <lines>
                                <line number="30" hits="0" branch="false"/>
                                <line number="30" hits="0" branch="false"/>
                                <line number="30" hits="0" branch="false"/>
                                <line number="30" hits="0" branch="false"/>
                                <line number="30" hits="0" branch="false"/>
                            </lines>
</method>
                        <method 
                        name="io.github.scalaquest.cli/GameCLIApp/pipelineBuilder" signature="()V" line-rate="0.00" branch-rate="0.00" complexity="0">
                            <lines>
                                <line number="19" hits="0" branch="false"/>
                            </lines>
</method>
                    </methods>
                    <lines>
                        <line number="19" hits="0" branch="false"/>
                        <line number="25" hits="0" branch="false"/>
                        <line number="27" hits="1" branch="false"/>
                        <line number="27" hits="1" branch="false"/>
                        <line number="30" hits="0" branch="false"/>
                        <line number="30" hits="0" branch="false"/>
                        <line number="30" hits="0" branch="false"/>
                        <line number="30" hits="0" branch="false"/>
                        <line number="30" hits="0" branch="false"/>
                    </lines>
</class>
                <class 
                name="io.github.scalaquest.cli.CLI" filename="src/main/scala/io/github/scalaquest/cli/CLI.scala" line-rate="1.00" branch-rate="1.00" complexity="0">
                    <methods>
                        <method 
                        name="io.github.scalaquest.cli/CLI/builderFrom" signature="()V" line-rate="1.00" branch-rate="1.00" complexity="0">
                            <lines>
                                <line number="21" hits="1" branch="false"/>
                            </lines>
</method>
                        <method 
                        name="io.github.scalaquest.cli/CLI/readLine" signature="()V" line-rate="1.00" branch-rate="1.00" complexity="0">
                            <lines>
                                <line number="26" hits="1" branch="false"/>
                                <line number="26" hits="1" branch="false"/>
                                <line number="26" hits="1" branch="false"/>
                                <line number="27" hits="1" branch="false"/>
                                <line number="28" hits="1" branch="false"/>
                                <line number="29" hits="1" branch="false"/>
                                <line number="29" hits="1" branch="false"/>
                                <line number="29" hits="1" branch="false"/>
                                <line number="28" hits="1" branch="false"/>
                                <line number="27" hits="1" branch="false"/>
                                <line number="26" hits="1" branch="false"/>
                            </lines>
</method>
                    </methods>
                    <lines>
                        <line number="21" hits="1" branch="false"/>
                        <line number="26" hits="1" branch="false"/>
                        <line number="26" hits="1" branch="false"/>
                        <line number="26" hits="1" branch="false"/>
                        <line number="27" hits="1" branch="false"/>
                        <line number="28" hits="1" branch="false"/>
                        <line number="29" hits="1" branch="false"/>
                        <line number="29" hits="1" branch="false"/>
                        <line number="29" hits="1" branch="false"/>
                        <line number="28" hits="1" branch="false"/>
                        <line number="27" hits="1" branch="false"/>
                        <line number="26" hits="1" branch="false"/>
                    </lines>
</class>
            </classes>
        </package>
    </packages>
</coverage>
