<?xml version="1.0"?>
<!DOCTYPE coverage SYSTEM "http://cobertura.sourceforge.net/xml/coverage-04.dtd">
<coverage 
line-rate="0.00" lines-valid="24" lines-covered="0" branches-valid="2" branches-covered="0" branch-rate="0.00" complexity="0" version="1.0" timestamp="1612609952818">
    <sources>
        <source>--source</source>
        <source>/home/runner/work/PPS-19-ScalaQuest/PPS-19-ScalaQuest/cli</source>
    </sources>
    <packages>
        <package name="io.github.scalaquest.cli" line-rate="0.00" branch-rate="0.00" complexity="0">
            <classes>
                <class 
                name="io.github.scalaquest.cli.CLI.CLIBuilder" filename="src/main/scala/io/github/scalaquest/cli/CLI.scala" line-rate="0.00" branch-rate="0.00" complexity="0">
                    <methods>
                        <method 
                        name="io.github.scalaquest.cli/CLIBuilder/start" signature="()V" line-rate="0.00" branch-rate="0.00" complexity="0">
                            <lines>
                                <line number="50" hits="0" branch="false"/>
                                <line number="50" hits="0" branch="false"/>
                                <line number="52" hits="0" branch="false"/>
                                <line number="51" hits="0" branch="false"/>
                                <line number="50" hits="0" branch="false"/>
                                <line number="46" hits="0" branch="false"/>
                            </lines>
</method>
                        <method 
                        name="io.github.scalaquest.cli/CLIBuilder/gameLoop" signature="()V" line-rate="0.00" branch-rate="0.00" complexity="0">
                            <lines>
                                <line number="32" hits="0" branch="false"/>
                                <line number="33" hits="0" branch="false"/>
                                <line number="38" hits="0" branch="false"/>
                                <line number="40" hits="0" branch="false"/>
                                <line number="40" hits="0" branch="false"/>
                                <line number="40" hits="0" branch="true"/>
                                <line number="41" hits="0" branch="false"/>
                                <line number="41" hits="0" branch="false"/>
                                <line number="41" hits="0" branch="true"/>
                                <line number="43" hits="0" branch="false"/>
                                <line number="39" hits="0" branch="false"/>
                                <line number="38" hits="0" branch="false"/>
                                <line number="37" hits="0" branch="false"/>
                                <line number="33" hits="0" branch="false"/>
                                <line number="32" hits="0" branch="false"/>
                                <line number="31" hits="0" branch="false"/>
                            </lines>
</method>
                    </methods>
                    <lines>
                        <line number="32" hits="0" branch="false"/>
                        <line number="33" hits="0" branch="false"/>
                        <line number="38" hits="0" branch="false"/>
                        <line number="40" hits="0" branch="false"/>
                        <line number="40" hits="0" branch="false"/>
                        <line number="40" hits="0" branch="true"/>
                        <line number="41" hits="0" branch="false"/>
                        <line number="41" hits="0" branch="false"/>
                        <line number="41" hits="0" branch="true"/>
                        <line number="43" hits="0" branch="false"/>
                        <line number="39" hits="0" branch="false"/>
                        <line number="38" hits="0" branch="false"/>
                        <line number="37" hits="0" branch="false"/>
                        <line number="33" hits="0" branch="false"/>
                        <line number="32" hits="0" branch="false"/>
                        <line number="31" hits="0" branch="false"/>
                        <line number="50" hits="0" branch="false"/>
                        <line number="50" hits="0" branch="false"/>
                        <line number="52" hits="0" branch="false"/>
                        <line number="51" hits="0" branch="false"/>
                        <line number="50" hits="0" branch="false"/>
                        <line number="46" hits="0" branch="false"/>
                    </lines>
</class>
                <class 
                name="io.github.scalaquest.cli.CLIApp" filename="src/main/scala/io/github/scalaquest/cli/CLI.scala" line-rate="0.00" branch-rate="0.00" complexity="0">
                    <methods>
                        <method name="io.github.scalaquest.cli/CLIApp/run" signature="()V" line-rate="0.00" branch-rate="0.00" complexity="0">
                            <lines>
                                <line number="13" hits="0" branch="false"/>
                            </lines>
                        </method>
                    </methods>
                    <lines>
                        <line number="13" hits="0" branch="false"/>
                    </lines>
</class>
                <class 
                name="io.github.scalaquest.cli.CLI" filename="src/main/scala/io/github/scalaquest/cli/CLI.scala" line-rate="0.00" branch-rate="0.00" complexity="0">
                    <methods>
                        <method 
                        name="io.github.scalaquest.cli/CLI/builderFrom" signature="()V" line-rate="0.00" branch-rate="0.00" complexity="0">
                            <lines>
                                <line number="22" hits="0" branch="false"/>
                            </lines>
</method>
                    </methods>
                    <lines>
                        <line number="22" hits="0" branch="false"/>
                    </lines>
</class>
            </classes>
        </package>
    </packages>
</coverage>
